<?xml version="1.0" encoding="UTF-8"?>
<!-- Generated by org.testng.reporters.JUnitReportReporter -->
<testsuite hostname="DESKTOP-SM10NT5" failures="0" tests="1" name="Demo.Test1" time="15.236" errors="0" timestamp="2022-10-22T13:56:01 IST" skipped="0">
  <testcase classname="Demo.Test1" name="test1" time="15.236"/>
  <system-out/>
</testsuite> <!-- Demo.Test1 -->
